<?xml version="1.0" encoding="UTF-8"?>
<!-- Generated by org.testng.reporters.JUnitXMLReporter -->
<testsuite hostname="Anastasiyas-MBP.local.tld" ignored="0" name="Surefire test" tests="2" failures="0" timestamp="2023-03-19T15:53:20 CDT" time="9.079" errors="0">
  <testcase name="runScenario" time="1.831" classname="io.cucumber.testng.AbstractTestNGCucumberTests"/>
  <testcase name="runScenario" time="6.503" classname="io.cucumber.testng.AbstractTestNGCucumberTests"/>
</testsuite> <!-- Surefire test -->
