<?xml version="1.0" encoding="UTF-8"?>
<testng-results skipped="0" failed="0" ignored="0" total="2" passed="2">
  <reporter-output>
  </reporter-output>
  <suite name="Surefire suite" duration-ms="9079" started-at="2023-03-19T15:53:11 CDT" finished-at="2023-03-19T15:53:20 CDT">
    <groups>
      <group name="cucumber">
        <method signature="AbstractTestNGCucumberTests.runScenario(io.cucumber.testng.PickleWrapper,io.cucumber.testng.FeatureWrapper)[pri:0, instance:runner.Runner@568ff82]" name="runScenario" class="io.cucumber.testng.AbstractTestNGCucumberTests"/>
      </group> <!-- cucumber -->
    </groups>
    <test name="Surefire test" duration-ms="9079" started-at="2023-03-19T15:53:11 CDT" finished-at="2023-03-19T15:53:20 CDT">
      <class name="runner.Runner">
        <test-method status="PASS" signature="setupSuite()[pri:0, instance:runner.Runner@568ff82]" name="setupSuite" is-config="true" duration-ms="8" started-at="2023-03-19T15:53:11 CDT" finished-at="2023-03-19T15:53:11 CDT">
          <reporter-output>
          </reporter-output>
        </test-method> <!-- setupSuite -->
        <test-method status="PASS" signature="setUpClass()[pri:0, instance:runner.Runner@568ff82]" name="setUpClass" is-config="true" duration-ms="467" started-at="2023-03-19T15:53:11 CDT" finished-at="2023-03-19T15:53:11 CDT">
          <reporter-output>
          </reporter-output>
        </test-method> <!-- setUpClass -->
        <test-method status="PASS" signature="setupClass()[pri:0, instance:runner.Runner@568ff82]" name="setupClass" is-config="true" duration-ms="59" started-at="2023-03-19T15:53:11 CDT" finished-at="2023-03-19T15:53:11 CDT">
          <reporter-output>
          </reporter-output>
        </test-method> <!-- setupClass -->
        <test-method status="PASS" signature="runScenario(io.cucumber.testng.PickleWrapper,io.cucumber.testng.FeatureWrapper)[pri:0, instance:runner.Runner@568ff82]" name="runScenario" duration-ms="1831" started-at="2023-03-19T15:53:11 CDT" description="Runs Cucumber Scenarios" data-provider="scenarios" finished-at="2023-03-19T15:53:13 CDT">
          <params>
            <param index="0">
              <value>
                <![CDATA["Validate the minimum salary"]]>
              </value>
            </param>
            <param index="1">
              <value>
                <![CDATA["Optional[Validate database connection]"]]>
              </value>
            </param>
          </params>
          <reporter-output>
          </reporter-output>
        </test-method> <!-- runScenario -->
        <test-method status="PASS" signature="runScenario(io.cucumber.testng.PickleWrapper,io.cucumber.testng.FeatureWrapper)[pri:0, instance:runner.Runner@568ff82]" name="runScenario" duration-ms="6503" started-at="2023-03-19T15:53:13 CDT" description="Runs Cucumber Scenarios" data-provider="scenarios" finished-at="2023-03-19T15:53:19 CDT">
          <params>
            <param index="0">
              <value>
                <![CDATA["Validating the TechGlobal CRUD operations"]]>
              </value>
            </param>
            <param index="1">
              <value>
                <![CDATA["Optional[As a QE, I validate the TechGlobal CRUD operations]"]]>
              </value>
            </param>
          </params>
          <reporter-output>
          </reporter-output>
        </test-method> <!-- runScenario -->
        <test-method status="PASS" signature="tearDown()[pri:0, instance:runner.Runner@568ff82]" name="tearDown" is-config="true" duration-ms="67" started-at="2023-03-19T15:53:19 CDT" finished-at="2023-03-19T15:53:20 CDT">
          <reporter-output>
          </reporter-output>
        </test-method> <!-- tearDown -->
        <test-method status="PASS" signature="tearDownClass()[pri:0, instance:runner.Runner@568ff82]" name="tearDownClass" is-config="true" duration-ms="105" started-at="2023-03-19T15:53:20 CDT" finished-at="2023-03-19T15:53:20 CDT">
          <reporter-output>
          </reporter-output>
        </test-method> <!-- tearDownClass -->
        <test-method status="PASS" signature="cleanUp()[pri:0, instance:runner.Runner@568ff82]" name="cleanUp" is-config="true" duration-ms="929" started-at="2023-03-19T15:53:20 CDT" finished-at="2023-03-19T15:53:21 CDT">
          <reporter-output>
          </reporter-output>
        </test-method> <!-- cleanUp -->
      </class> <!-- runner.Runner -->
    </test> <!-- Surefire test -->
  </suite> <!-- Surefire suite -->
</testng-results>
